#
# A fatal error has been detected by the Java Runtime Environment:
#
#  EXCEPTION_ACCESS_VIOLATION (0xc0000005) at pc=0x000000006b914d87, pid=3964, tid=0x00000000000023c8
#
# JRE version: OpenJDK Runtime Environment (8.0_152-b01) (build 1.8.0_152-release-915-b01)
# Java VM: OpenJDK 64-Bit Server VM (25.152-b01 mixed mode windows-amd64 compressed oops)
# Problematic frame:
# V  [jvm.dll+0x4d4d87]
#
# Failed to write core dump. Minidumps are not enabled by default on client versions of Windows
#
# If you would like to submit a bug report, please visit:
#   http://bugreport.java.com/bugreport/crash.jsp
#

---------------  T H R E A D  ---------------

Current thread (0x0000000016738000):  JavaThread "C2 CompilerThread0" daemon [_thread_in_native, id=9160, stack(0x0000000017d90000,0x0000000017e90000)]

siginfo: ExceptionCode=0xc0000005, writing address 0x000000000000002e

Registers:
RAX=0x000000000000003b, RBX=0x0000000000000000, RCX=0x000000000000003b, RDX=0x0000000022e85ba0
RSP=0x0000000017e8c0c0, RBP=0x000000000000000a, RSI=0x0000000017e8c3a0, RDI=0x000000001cdb13a0
R8 =0x0000001cdb2758a0, R9 =0x0000000000000000, R10=0x000000000000000c, R11=0x000000001dfc90e0
R12=0x000000001ce80310, R13=0x0000000000000000, R14=0x000000001cdb00a8, R15=0x000000001d99fc40
RIP=0x000000006b914d87, EFLAGS=0x0000000000010206

Top of Stack: (sp=0x0000000017e8c0c0)
0x0000000017e8c0c0:   0000000000000000 0000000000000001
0x0000000017e8c0d0:   000000001ce80310 000000000000000c
0x0000000017e8c0e0:   0000000017e8c3a0 000000001f600360
0x0000000017e8c0f0:   0000000000000000 000000006b452496
0x0000000017e8c100:   0000000016738000 0000000017e8f500
0x0000000017e8c110:   0000000017e8c498 0000000017e8c1d0
0x0000000017e8c120:   0000000000000000 0000000000000000
0x0000000017e8c130:   0000000000000001 000000006b440000
0x0000000017e8c140:   0000000000000000 0000000017e8c3a0
0x0000000017e8c150:   000000001ce80310 000000006b9157ee
0x0000000017e8c160:   0000000022e85ba0 000000001cdb00a8
0x0000000017e8c170:   0000001cdb2758a0 0000000000000000
0x0000000017e8c180:   0000000000000000 000000006b440000
0x0000000017e8c190:   0000000017e8c3a0 0000000000000001
0x0000000017e8c1a0:   0000000017e8c3a0 0000000000000006
0x0000000017e8c1b0:   0000000017e8ea40 000000006b912925 

Instructions: (pc=0x000000006b914d87)
0x000000006b914d67:   48 8b 39 48 8b 4e 10 e8 bd 5b f6 ff 4c 8b 84 24
0x000000006b914d77:   b0 00 00 00 c6 44 24 48 00 8b 00 c6 44 24 40 00
0x000000006b914d87:   88 5c 24 38 44 89 6c 24 30 89 44 24 28 4d 8b cf
0x000000006b914d97:   48 8b d7 48 8b ce 89 6c 24 20 e8 0a 72 f8 ff 48 


Register to memory mapping:

RAX=0x000000000000003b is an unknown value
RBX=0x0000000000000000 is an unknown value
RCX=0x000000000000003b is an unknown value
RDX=0x0000000022e85ba0 is an unknown value
RSP=0x0000000017e8c0c0 is pointing into the stack for thread: 0x0000000016738000
RBP=0x000000000000000a is an unknown value
RSI=0x0000000017e8c3a0 is pointing into the stack for thread: 0x0000000016738000
RDI=0x000000001cdb13a0 is an unknown value
R8 =0x0000001cdb2758a0 is an unknown value
R9 =0x0000000000000000 is an unknown value
R10=0x000000000000000c is an unknown value
R11=0x000000001dfc90e0 is an unknown value
R12=0x000000001ce80310 is an unknown value
R13=0x0000000000000000 is an unknown value
R14=0x000000001cdb00a8 is an unknown value
R15=0x000000001d99fc40 is an unknown value


Stack: [0x0000000017d90000,0x0000000017e90000],  sp=0x0000000017e8c0c0,  free space=1008k
Native frames: (J=compiled Java code, j=interpreted, Vv=VM code, C=native code)
V  [jvm.dll+0x4d4d87]
V  [jvm.dll+0x4d57ee]
V  [jvm.dll+0x4d2925]
V  [jvm.dll+0x4cd1f7]
V  [jvm.dll+0x4cd579]
V  [jvm.dll+0x4cdb0f]
V  [jvm.dll+0x425a80]
V  [jvm.dll+0x44a916]
V  [jvm.dll+0x4d46fd]
V  [jvm.dll+0x4cd1f7]
V  [jvm.dll+0x4cd579]
V  [jvm.dll+0x4cdb0f]
V  [jvm.dll+0x425a80]
V  [jvm.dll+0x44a916]
V  [jvm.dll+0x4d46fd]
V  [jvm.dll+0x4cd1f7]
V  [jvm.dll+0x4cd579]
V  [jvm.dll+0x4cdb0f]
V  [jvm.dll+0x425a80]
V  [jvm.dll+0x44a916]
V  [jvm.dll+0x4d46fd]
V  [jvm.dll+0x4cd1f7]
V  [jvm.dll+0x4cd579]
V  [jvm.dll+0x4cdb0f]
V  [jvm.dll+0x425a80]
V  [jvm.dll+0x4261ba]
V  [jvm.dll+0x44a916]
V  [jvm.dll+0x4d46fd]
V  [jvm.dll+0x4cd1f7]
V  [jvm.dll+0x4cd579]
V  [jvm.dll+0x4cdb0f]
V  [jvm.dll+0x425a80]
V  [jvm.dll+0x44a916]
V  [jvm.dll+0x4d46fd]
V  [jvm.dll+0x4cd1f7]
V  [jvm.dll+0x4cd579]
V  [jvm.dll+0x4cdb0f]
V  [jvm.dll+0x425a80]
V  [jvm.dll+0x44a916]
V  [jvm.dll+0x4d46fd]
V  [jvm.dll+0x4cd1f7]
V  [jvm.dll+0x4cd579]
V  [jvm.dll+0x4cdb0f]
V  [jvm.dll+0x425a80]
V  [jvm.dll+0x4417c5]
V  [jvm.dll+0x424b32]
V  [jvm.dll+0x80fa9]
V  [jvm.dll+0x818df]
V  [jvm.dll+0x21d06f]
V  [jvm.dll+0x26d4aa]
C  [msvcr100.dll+0x21d9f]
C  [msvcr100.dll+0x21e3b]
C  [KERNEL32.DLL+0x13034]
C  [ntdll.dll+0x73691]


Current CompileTask:
C2:3413692 18139       4       com.android.tools.r8.ir.code.IRCode::computeLiveAtEntrySets (588 bytes)


---------------  P R O C E S S  ---------------

Java Threads: ( => current thread )
  0x000000001d7c1000 JavaThread "pool-82-thread-2" [_thread_blocked, id=2372, stack(0x0000000031de0000,0x0000000031ee0000)]
  0x000000001d7c4800 JavaThread "pool-82-thread-1" [_thread_in_Java, id=7740, stack(0x0000000031ce0000,0x0000000031de0000)]
  0x000000001d7c2800 JavaThread "pool-81-thread-2" [_thread_in_Java, id=8208, stack(0x0000000031be0000,0x0000000031ce0000)]
  0x000000001d7c0000 JavaThread "pool-81-thread-1" [_thread_blocked, id=3164, stack(0x0000000031ae0000,0x0000000031be0000)]
  0x000000001d7c5800 JavaThread "pool-74-thread-2" [_thread_blocked, id=10904, stack(0x0000000030de0000,0x0000000030ee0000)]
  0x000000001d7c1800 JavaThread "pool-74-thread-1" [_thread_blocked, id=10664, stack(0x0000000030ce0000,0x0000000030de0000)]
  0x000000001ce10000 JavaThread "ForkJoinPool.commonPool-worker-1" daemon [_thread_blocked, id=7912, stack(0x0000000026e10000,0x0000000026f10000)]
  0x000000001ce08800 JavaThread "ForkJoinPool.commonPool-worker-0" daemon [_thread_blocked, id=10460, stack(0x0000000026d10000,0x0000000026e10000)]
  0x000000001ce0f800 JavaThread "ForkJoinPool.commonPool-worker-3" daemon [_thread_blocked, id=9852, stack(0x0000000026c10000,0x0000000026d10000)]
  0x000000001ce07800 JavaThread "ForkJoinPool.commonPool-worker-2" daemon [_thread_blocked, id=8140, stack(0x0000000026b10000,0x0000000026c10000)]
  0x000000001ce0e000 JavaThread "Cache worker for Java compile cache (D:\Android Nanodegree\Projects\Repos\Baking_App\.gradle\4.4\javaCompile)" [_thread_blocked, id=2568, stack(0x0000000026a10000,0x0000000026b10000)]
  0x000000001b4f7000 JavaThread "Task worker for ':' Thread 3" [_thread_blocked, id=10132, stack(0x0000000025c10000,0x0000000025d10000)]
  0x000000001b4f5000 JavaThread "Task worker for ':' Thread 2" [_thread_blocked, id=8408, stack(0x0000000025b10000,0x0000000025c10000)]
  0x000000001b4f5800 JavaThread "Task worker for ':'" [_thread_blocked, id=3068, stack(0x0000000025a10000,0x0000000025b10000)]
  0x000000001b4f8800 JavaThread "Cache worker for Build Output Cleanup Cache (D:\Android Nanodegree\Projects\Repos\Baking_App\.gradle\buildOutputCleanup)" [_thread_blocked, id=9452, stack(0x0000000025910000,0x0000000025a10000)]
  0x000000001b4f9800 JavaThread "Cache worker for task history cache (D:\Android Nanodegree\Projects\Repos\Baking_App\.gradle\4.4\taskHistory)" [_thread_blocked, id=3716, stack(0x0000000025810000,0x0000000025910000)]
  0x000000001b4fb000 JavaThread "Cache worker for file content cache (D:\Android Nanodegree\Projects\Repos\Baking_App\.gradle\4.4\fileContent)" [_thread_blocked, id=9748, stack(0x0000000025710000,0x0000000025810000)]
  0x000000001b4fa000 JavaThread "build operations Thread 4" [_thread_blocked, id=9764, stack(0x0000000025610000,0x0000000025710000)]
  0x000000001b4f6800 JavaThread "build operations Thread 3" [_thread_blocked, id=8376, stack(0x0000000025510000,0x0000000025610000)]
  0x000000001b4ed800 JavaThread "build operations Thread 2" [_thread_blocked, id=2344, stack(0x0000000025410000,0x0000000025510000)]
  0x000000001b4f4000 JavaThread "build operations" [_thread_blocked, id=5552, stack(0x0000000025310000,0x0000000025410000)]
  0x000000001b4ec800 JavaThread "Cache worker for Artifact transforms cache (C:\Users\Amira\.gradle\caches\transforms-1)" [_thread_blocked, id=3916, stack(0x0000000025210000,0x0000000025310000)]
  0x000000001b4ef000 JavaThread "Cache worker for file hash cache (D:\Android Nanodegree\Projects\Repos\Baking_App\.gradle\4.4\fileHashes)" [_thread_blocked, id=8596, stack(0x0000000025110000,0x0000000025210000)]
  0x000000001b4f2800 JavaThread "Asynchronous log dispatcher for DefaultDaemonConnection: socket connection from /127.0.0.1:51971 to /127.0.0.1:52716" [_thread_blocked, id=10684, stack(0x0000000024f10000,0x0000000025010000)]
  0x000000001b4f2000 JavaThread "Daemon worker Thread 3" [_thread_blocked, id=10860, stack(0x0000000024e10000,0x0000000024f10000)]
  0x000000001b4ee000 JavaThread "Cancel handler" [_thread_blocked, id=7832, stack(0x0000000024d10000,0x0000000024e10000)]
  0x000000001b4f0800 JavaThread "Handler for socket connection from /127.0.0.1:51971 to /127.0.0.1:52716" [_thread_in_native, id=7052, stack(0x0000000024c10000,0x0000000024d10000)]
  0x000000001b4f1000 JavaThread "Daemon Thread 3" [_thread_blocked, id=4048, stack(0x0000000024b10000,0x0000000024c10000)]
  0x000000001ce0c800 JavaThread "Memory manager" [_thread_blocked, id=9588, stack(0x0000000021510000,0x0000000021610000)]
  0x000000001ce0a000 JavaThread "pool-1-thread-1" [_thread_blocked, id=7544, stack(0x0000000020db0000,0x0000000020eb0000)]
  0x000000001bd78800 JavaThread "File lock request listener" [_thread_in_native, id=7520, stack(0x000000001c2d0000,0x000000001c3d0000)]
  0x000000001982a800 JavaThread "Cache worker for file hash cache (C:\Users\Amira\.gradle\caches\4.4\fileHashes)" [_thread_blocked, id=4272, stack(0x000000001c0b0000,0x000000001c1b0000)]
  0x000000001675b000 JavaThread "Daemon periodic checks" [_thread_blocked, id=8356, stack(0x000000001a5e0000,0x000000001a6e0000)]
  0x000000001898d800 JavaThread "Incoming local TCP Connector on port 51971" [_thread_in_native, id=256, stack(0x000000001a3a0000,0x000000001a4a0000)]
  0x000000001679e800 JavaThread "Service Thread" daemon [_thread_blocked, id=9912, stack(0x0000000018490000,0x0000000018590000)]
  0x0000000016740800 JavaThread "C1 CompilerThread2" daemon [_thread_blocked, id=4952, stack(0x0000000017f90000,0x0000000018090000)]
  0x000000001673d000 JavaThread "C2 CompilerThread1" daemon [_thread_in_native, id=5152, stack(0x0000000017e90000,0x0000000017f90000)]
=>0x0000000016738000 JavaThread "C2 CompilerThread0" daemon [_thread_in_native, id=9160, stack(0x0000000017d90000,0x0000000017e90000)]
  0x0000000016746800 JavaThread "Attach Listener" daemon [_thread_blocked, id=4216, stack(0x0000000017c90000,0x0000000017d90000)]
  0x0000000016745800 JavaThread "Signal Dispatcher" daemon [_thread_blocked, id=10588, stack(0x0000000017b90000,0x0000000017c90000)]
  0x0000000002dcc000 JavaThread "Finalizer" daemon [_thread_blocked, id=5992, stack(0x00000000179a0000,0x0000000017aa0000)]
  0x0000000002dc1800 JavaThread "Reference Handler" daemon [_thread_blocked, id=9400, stack(0x00000000178a0000,0x00000000179a0000)]
  0x0000000002b3e800 JavaThread "main" [_thread_blocked, id=4692, stack(0x0000000002bd0000,0x0000000002cd0000)]

Other Threads:
  0x0000000016705000 VMThread [stack: 0x00000000177a0000,0x00000000178a0000] [id=10428]
  0x00000000180b2800 WatcherThread [stack: 0x0000000018590000,0x0000000018690000] [id=4668]

VM state:not at safepoint (normal execution)

VM Mutex/Monitor currently owned by a thread: None

Heap:
 PSYoungGen      total 303104K, used 267023K [0x00000000e0000000, 0x00000000f3900000, 0x0000000100000000)
  eden space 290816K, 90% used [0x00000000e0000000,0x00000000f0203fa8,0x00000000f1c00000)
  from space 12288K, 22% used [0x00000000f2d00000,0x00000000f2fc0010,0x00000000f3900000)
  to   space 14848K, 0% used [0x00000000f1c00000,0x00000000f1c00000,0x00000000f2a80000)
 ParOldGen       total 119296K, used 72110K [0x00000000a0000000, 0x00000000a7480000, 0x00000000e0000000)
  object space 119296K, 60% used [0x00000000a0000000,0x00000000a466ba48,0x00000000a7480000)
 Metaspace       used 79157K, capacity 82010K, committed 88704K, reserved 1126400K
  class space    used 10003K, capacity 10655K, committed 11648K, reserved 1048576K

Card table byte_map: [0x0000000012190000,0x00000000124a0000] byte_map_base: 0x0000000011c90000

Marking Bits: (ParMarkBitMap*) 0x000000006bc03950
 Begin Bits: [0x0000000012aa0000, 0x00000000142a0000)
 End Bits:   [0x00000000142a0000, 0x0000000015aa0000)

Polling page: 0x0000000002a90000

CodeCache: size=245760Kb used=50129Kb max_used=50155Kb free=195630Kb
 bounds [0x0000000002dd0000, 0x0000000005f50000, 0x0000000011dd0000]
 total_blobs=15462 nmethods=14620 adapters=752
 compilation: enabled

Compilation events (10 events):
Event: 3409.384 Thread 0x0000000016740800 18500       2       com.android.tools.r8.ir.optimize.CodeRewriter$IfBuilder::build (154 bytes)
Event: 3409.391 Thread 0x0000000016740800 nmethod 18500 0x00000000047a8d50 code [0x00000000047a8fa0, 0x00000000047a9908]
Event: 3409.525 Thread 0x0000000016740800 18501       3       java.util.TimSort::gallopLeft (335 bytes)
Event: 3409.529 Thread 0x0000000016740800 nmethod 18501 0x00000000040a26d0 code [0x00000000040a28c0, 0x00000000040a3398]
Event: 3409.538 Thread 0x0000000016740800 18502       2       com.android.tools.r8.dex.VirtualFile::access$1500 (7 bytes)
Event: 3409.538 Thread 0x0000000016740800 nmethod 18502 0x00000000047a8a10 code [0x00000000047a8b60, 0x00000000047a8ca8]
Event: 3409.550 Thread 0x0000000016740800 18503       2       sun.nio.fs.NativeBuffer$Deallocator::<init> (10 bytes)
Event: 3409.552 Thread 0x0000000016740800 nmethod 18503 0x00000000047a86d0 code [0x00000000047a8820, 0x00000000047a8970]
Event: 3409.666 Thread 0x0000000016740800 18506       2       com.android.tools.r8.ir.regalloc.LinearScanRegisterAllocator::splitRangesForSpilledConstant (263 bytes)
Event: 3409.671 Thread 0x0000000016740800 nmethod 18506 0x00000000040a1690 code [0x00000000040a18e0, 0x00000000040a1ef8]

GC Heap History (10 events):
Event: 3368.306 GC heap before
{Heap before GC invocations=71 (full 5):
 PSYoungGen      total 219648K, used 200192K [0x00000000e0000000, 0x00000000f0500000, 0x0000000100000000)
  eden space 200192K, 100% used [0x00000000e0000000,0x00000000ec380000,0x00000000ec380000)
  from space 19456K, 0% used [0x00000000ec380000,0x00000000ec380000,0x00000000ed680000)
  to   space 18432K, 0% used [0x00000000ef300000,0x00000000ef300000,0x00000000f0500000)
 ParOldGen       total 119296K, used 62466K [0x00000000a0000000, 0x00000000a7480000, 0x00000000e0000000)
  object space 119296K, 52% used [0x00000000a0000000,0x00000000a3d00b30,0x00000000a7480000)
 Metaspace       used 79022K, capacity 81850K, committed 88704K, reserved 1126400K
  class space    used 9995K, capacity 10649K, committed 11648K, reserved 1048576K
Event: 3368.467 GC heap after
Heap after GC invocations=71 (full 5):
 PSYoungGen      total 243712K, used 5163K [0x00000000e0000000, 0x00000000f0180000, 0x0000000100000000)
  eden space 228864K, 0% used [0x00000000e0000000,0x00000000e0000000,0x00000000edf80000)
  from space 14848K, 34% used [0x00000000ef300000,0x00000000ef80adf0,0x00000000f0180000)
  to   space 17408K, 0% used [0x00000000edf80000,0x00000000edf80000,0x00000000ef080000)
 ParOldGen       total 119296K, used 62474K [0x00000000a0000000, 0x00000000a7480000, 0x00000000e0000000)
  object space 119296K, 52% used [0x00000000a0000000,0x00000000a3d02b30,0x00000000a7480000)
 Metaspace       used 79022K, capacity 81850K, committed 88704K, reserved 1126400K
  class space    used 9995K, capacity 10649K, committed 11648K, reserved 1048576K
}
Event: 3376.519 GC heap before
{Heap before GC invocations=72 (full 5):
 PSYoungGen      total 243712K, used 234027K [0x00000000e0000000, 0x00000000f0180000, 0x0000000100000000)
  eden space 228864K, 100% used [0x00000000e0000000,0x00000000edf80000,0x00000000edf80000)
  from space 14848K, 34% used [0x00000000ef300000,0x00000000ef80adf0,0x00000000f0180000)
  to   space 17408K, 0% used [0x00000000edf80000,0x00000000edf80000,0x00000000ef080000)
 ParOldGen       total 119296K, used 62474K [0x00000000a0000000, 0x00000000a7480000, 0x00000000e0000000)
  object space 119296K, 52% used [0x00000000a0000000,0x00000000a3d02b30,0x00000000a7480000)
 Metaspace       used 79053K, capacity 81914K, committed 88704K, reserved 1126400K
  class space    used 9995K, capacity 10649K, committed 11648K, reserved 1048576K
Event: 3376.741 GC heap after
Heap after GC invocations=72 (full 5):
 PSYoungGen      total 246272K, used 6147K [0x00000000e0000000, 0x00000000f1e00000, 0x0000000100000000)
  eden space 228864K, 0% used [0x00000000e0000000,0x00000000e0000000,0x00000000edf80000)
  from space 17408K, 35% used [0x00000000edf80000,0x00000000ee580f78,0x00000000ef080000)
  to   space 16384K, 0% used [0x00000000f0e00000,0x00000000f0e00000,0x00000000f1e00000)
 ParOldGen       total 119296K, used 65223K [0x00000000a0000000, 0x00000000a7480000, 0x00000000e0000000)
  object space 119296K, 54% used [0x00000000a0000000,0x00000000a3fb1de0,0x00000000a7480000)
 Metaspace       used 79053K, capacity 81914K, committed 88704K, reserved 1126400K
  class space    used 9995K, capacity 10649K, committed 11648K, reserved 1048576K
}
Event: 3382.969 GC heap before
{Heap before GC invocations=73 (full 5):
 PSYoungGen      total 246272K, used 235011K [0x00000000e0000000, 0x00000000f1e00000, 0x0000000100000000)
  eden space 228864K, 100% used [0x00000000e0000000,0x00000000edf80000,0x00000000edf80000)
  from space 17408K, 35% used [0x00000000edf80000,0x00000000ee580f78,0x00000000ef080000)
  to   space 16384K, 0% used [0x00000000f0e00000,0x00000000f0e00000,0x00000000f1e00000)
 ParOldGen       total 119296K, used 65223K [0x00000000a0000000, 0x00000000a7480000, 0x00000000e0000000)
  object space 119296K, 54% used [0x00000000a0000000,0x00000000a3fb1de0,0x00000000a7480000)
 Metaspace       used 79067K, capacity 81934K, committed 88704K, reserved 1126400K
  class space    used 9997K, capacity 10653K, committed 11648K, reserved 1048576K
Event: 3383.117 GC heap after
Heap after GC invocations=73 (full 5):
 PSYoungGen      total 273408K, used 4041K [0x00000000e0000000, 0x00000000f1c00000, 0x0000000100000000)
  eden space 259072K, 0% used [0x00000000e0000000,0x00000000e0000000,0x00000000efd00000)
  from space 14336K, 28% used [0x00000000f0e00000,0x00000000f11f27d8,0x00000000f1c00000)
  to   space 15872K, 0% used [0x00000000efd00000,0x00000000efd00000,0x00000000f0c80000)
 ParOldGen       total 119296K, used 66340K [0x00000000a0000000, 0x00000000a7480000, 0x00000000e0000000)
  object space 119296K, 55% used [0x00000000a0000000,0x00000000a40c9288,0x00000000a7480000)
 Metaspace       used 79067K, capacity 81934K, committed 88704K, reserved 1126400K
  class space    used 9997K, capacity 10653K, committed 11648K, reserved 1048576K
}
Event: 3392.549 GC heap before
{Heap before GC invocations=74 (full 5):
 PSYoungGen      total 273408K, used 263113K [0x00000000e0000000, 0x00000000f1c00000, 0x0000000100000000)
  eden space 259072K, 100% used [0x00000000e0000000,0x00000000efd00000,0x00000000efd00000)
  from space 14336K, 28% used [0x00000000f0e00000,0x00000000f11f27d8,0x00000000f1c00000)
  to   space 15872K, 0% used [0x00000000efd00000,0x00000000efd00000,0x00000000f0c80000)
 ParOldGen       total 119296K, used 66340K [0x00000000a0000000, 0x00000000a7480000, 0x00000000e0000000)
  object space 119296K, 55% used [0x00000000a0000000,0x00000000a40c9288,0x00000000a7480000)
 Metaspace       used 79096K, capacity 81934K, committed 88704K, reserved 1126400K
  class space    used 9998K, capacity 10653K, committed 11648K, reserved 1048576K
Event: 3392.905 GC heap after
Heap after GC invocations=74 (full 5):
 PSYoungGen      total 274944K, used 7496K [0x00000000e0000000, 0x00000000f3c00000, 0x0000000100000000)
  eden space 259072K, 0% used [0x00000000e0000000,0x00000000e0000000,0x00000000efd00000)
  from space 15872K, 47% used [0x00000000efd00000,0x00000000f0452020,0x00000000f0c80000)
  to   space 15360K, 0% used [0x00000000f2d00000,0x00000000f2d00000,0x00000000f3c00000)
 ParOldGen       total 119296K, used 66484K [0x00000000a0000000, 0x00000000a7480000, 0x00000000e0000000)
  object space 119296K, 55% used [0x00000000a0000000,0x00000000a40ed288,0x00000000a7480000)
 Metaspace       used 79096K, capacity 81934K, committed 88704K, reserved 1126400K
  class space    used 9998K, capacity 10653K, committed 11648K, reserved 1048576K
}
Event: 3402.741 GC heap before
{Heap before GC invocations=75 (full 5):
 PSYoungGen      total 274944K, used 266568K [0x00000000e0000000, 0x00000000f3c00000, 0x0000000100000000)
  eden space 259072K, 100% used [0x00000000e0000000,0x00000000efd00000,0x00000000efd00000)
  from space 15872K, 47% used [0x00000000efd00000,0x00000000f0452020,0x00000000f0c80000)
  to   space 15360K, 0% used [0x00000000f2d00000,0x00000000f2d00000,0x00000000f3c00000)
 ParOldGen       total 119296K, used 66484K [0x00000000a0000000, 0x00000000a7480000, 0x00000000e0000000)
  object space 119296K, 55% used [0x00000000a0000000,0x00000000a40ed288,0x00000000a7480000)
 Metaspace       used 79102K, capacity 81934K, committed 88704K, reserved 1126400K
  class space    used 9999K, capacity 10653K, committed 11648K, reserved 1048576K
Event: 3402.875 GC heap after
Heap after GC invocations=75 (full 5):
 PSYoungGen      total 303104K, used 2816K [0x00000000e0000000, 0x00000000f3900000, 0x0000000100000000)
  eden space 290816K, 0% used [0x00000000e0000000,0x00000000e0000000,0x00000000f1c00000)
  from space 12288K, 22% used [0x00000000f2d00000,0x00000000f2fc0010,0x00000000f3900000)
  to   space 14848K, 0% used [0x00000000f1c00000,0x00000000f1c00000,0x00000000f2a80000)
 ParOldGen       total 119296K, used 72110K [0x00000000a0000000, 0x00000000a7480000, 0x00000000e0000000)
  object space 119296K, 60% used [0x00000000a0000000,0x00000000a466ba48,0x00000000a7480000)
 Metaspace       used 79102K, capacity 81934K, committed 88704K, reserved 1126400K
  class space    used 9999K, capacity 10653K, committed 11648K, reserved 1048576K
}

Deoptimization events (10 events):
Event: 3354.915 Thread 0x000000001d7c7000 Uncommon trap: reason=unstable_if action=reinterpret pc=0x0000000005ac0a04 method=com.android.tools.r8.ir.conversion.JarState$Slot.isReferenceCompatible(Lcom/android/tools/r8/org/objectweb/asm/Type;Lcom/android/tools/r8/org/objectweb/asm/Type;)Z @ 107
Event: 3354.916 Thread 0x000000001d7c7000 Uncommon trap: reason=unstable_if action=reinterpret pc=0x00000000059e2e9c method=com.android.tools.r8.ir.conversion.JarState$Slot.isReferenceCompatible(Lcom/android/tools/r8/org/objectweb/asm/Type;Lcom/android/tools/r8/org/objectweb/asm/Type;)Z @ 107
Event: 3364.608 Thread 0x000000001d7c0000 Uncommon trap: reason=unstable_if action=reinterpret pc=0x0000000005d20000 method=java.util.TimSort.countRunAndMakeAscending([Ljava/lang/Object;IILjava/util/Comparator;)I @ 27
Event: 3370.907 Thread 0x000000001d7c9000 Uncommon trap: reason=unstable_if action=reinterpret pc=0x0000000004e1ccc4 method=java.util.concurrent.ConcurrentHashMap.putVal(Ljava/lang/Object;Ljava/lang/Object;Z)Ljava/lang/Object; @ 147
Event: 3375.295 Thread 0x000000001d7c5800 Uncommon trap: reason=unstable_if action=reinterpret pc=0x0000000005c70a74 method=com.android.tools.r8.ir.code.Instruction.replaceDebugValue(Lcom/android/tools/r8/ir/code/Value;Lcom/android/tools/r8/ir/code/Value;)V @ 17
Event: 3377.834 Thread 0x000000001d7c1000 Uncommon trap: reason=unstable_if action=reinterpret pc=0x00000000035bbc88 method=java.util.concurrent.ConcurrentHashMap.computeIfAbsent(Ljava/lang/Object;Ljava/util/function/Function;)Ljava/lang/Object; @ 281
Event: 3383.820 Thread 0x000000001d7c0000 Uncommon trap: reason=unstable_if action=reinterpret pc=0x00000000050a0818 method=com.android.tools.r8.ir.optimize.CodeRewriter.collapsIfTrueTarget(Lcom/android/tools/r8/ir/code/BasicBlock;)V @ 108
Event: 3391.217 Thread 0x000000001d7c3000 Uncommon trap: reason=unstable_if action=reinterpret pc=0x0000000005188280 method=com.android.tools.r8.utils.IdentifierUtils.isSimpleNameChar(C)Z @ 51
Event: 3396.812 Thread 0x000000001d7c2800 Uncommon trap: reason=range_check action=make_not_entrant pc=0x0000000005ec6294 method=com.android.tools.r8.org.objectweb.asm.Type.getType([CI)Lcom/android/tools/r8/org/objectweb/asm/Type; @ 2
Event: 3402.540 Thread 0x000000001d7c4800 Uncommon trap: reason=unstable_if action=reinterpret pc=0x0000000005e609d4 method=com.android.tools.r8.ir.regalloc.LinearScanRegisterAllocator.nextInRange(IILjava/util/List;)Ljava/lang/Integer; @ 86

Classes redefined (0 events):
No events

Internal exceptions (10 events):
Event: 3288.098 Thread 0x000000001b4f5000 Exception <a 'sun/nio/fs/WindowsException'> (0x00000000e2df7a70) thrown at [D:\src\AOSP-openjdk-cygwin\jdk8u\hotspot\src\share\vm\prims\jni.cpp, line 709]
Event: 3288.098 Thread 0x000000001b4f5000 Exception <a 'sun/nio/fs/WindowsException'> (0x00000000e2df8fd8) thrown at [D:\src\AOSP-openjdk-cygwin\jdk8u\hotspot\src\share\vm\prims\jni.cpp, line 709]
Event: 3288.166 Thread 0x000000001b4f5000 Exception <a 'sun/nio/fs/WindowsException'> (0x00000000e2e26450) thrown at [D:\src\AOSP-openjdk-cygwin\jdk8u\hotspot\src\share\vm\prims\jni.cpp, line 709]
Event: 3288.166 Thread 0x000000001b4f5000 Exception <a 'sun/nio/fs/WindowsException'> (0x00000000e2e26fa0) thrown at [D:\src\AOSP-openjdk-cygwin\jdk8u\hotspot\src\share\vm\prims\jni.cpp, line 709]
Event: 3288.167 Thread 0x000000001b4f5000 Exception <a 'sun/nio/fs/WindowsException'> (0x00000000e2e28508) thrown at [D:\src\AOSP-openjdk-cygwin\jdk8u\hotspot\src\share\vm\prims\jni.cpp, line 709]
Event: 3288.238 Thread 0x000000001b4f5000 Exception <a 'sun/nio/fs/WindowsException'> (0x00000000e2e58c10) thrown at [D:\src\AOSP-openjdk-cygwin\jdk8u\hotspot\src\share\vm\prims\jni.cpp, line 709]
Event: 3288.238 Thread 0x000000001b4f5000 Exception <a 'sun/nio/fs/WindowsException'> (0x00000000e2e59760) thrown at [D:\src\AOSP-openjdk-cygwin\jdk8u\hotspot\src\share\vm\prims\jni.cpp, line 709]
Event: 3288.239 Thread 0x000000001b4f5000 Exception <a 'sun/nio/fs/WindowsException'> (0x00000000e2e5acc8) thrown at [D:\src\AOSP-openjdk-cygwin\jdk8u\hotspot\src\share\vm\prims\jni.cpp, line 709]
Event: 3300.120 Thread 0x000000001ce14000 Implicit null exception at 0x00000000055f005c to 0x00000000055f00b1
Event: 3375.295 Thread 0x000000001d7c5800 Implicit null exception at 0x0000000005c6d378 to 0x0000000005c70a49

Events (10 events):
Event: 3409.589 Executing VM operation: RevokeBias
Event: 3409.591 Executing VM operation: RevokeBias done
Event: 3409.627 Thread 0x000000001d7c4800 Thread added: 0x000000001d7c4800
Event: 3409.628 Thread 0x000000001d7c2800 Thread added: 0x000000001d7c2800
Event: 3409.642 Thread 0x000000001d7c1800 DEOPT PACKING pc=0x000000000586a0b4 sp=0x0000000030ddee10
Event: 3409.642 Thread 0x000000001d7c1800 DEOPT UNPACKING pc=0x0000000002e175bf sp=0x0000000030ddebe0 mode 0
Event: 3409.644 Thread 0x000000001d7c7800 Thread exited: 0x000000001d7c7800
Event: 3409.646 Thread 0x000000001d7c4000 Thread exited: 0x000000001d7c4000
Event: 3409.655 Thread 0x000000001d7c1800 DEOPT PACKING pc=0x0000000005871c20 sp=0x0000000030ddec70
Event: 3409.655 Thread 0x000000001d7c1800 DEOPT UNPACKING pc=0x0000000002e175bf sp=0x0000000030ddea88 mode 0


Dynamic libraries:
0x00007ff61c4e0000 - 0x00007ff61c511000 	C:\Program Files\Android\Android Studio\jre\bin\java.exe
0x00007ff9c2b80000 - 0x00007ff9c2d61000 	C:\WINDOWS\SYSTEM32\ntdll.dll
0x00007ff9aeb80000 - 0x00007ff9aeb94000 	C:\Program Files\AVAST Software\Avast\x64\aswhooka.dll
0x00007ff9c28a0000 - 0x00007ff9c2952000 	C:\WINDOWS\System32\KERNEL32.DLL
0x00007ff9bf1a0000 - 0x00007ff9bf413000 	C:\WINDOWS\System32\KERNELBASE.dll
0x00007ff9c2220000 - 0x00007ff9c22c1000 	C:\WINDOWS\System32\ADVAPI32.dll
0x00007ff9c2130000 - 0x00007ff9c21ce000 	C:\WINDOWS\System32\msvcrt.dll
0x00007ff9c22d0000 - 0x00007ff9c232b000 	C:\WINDOWS\System32\sechost.dll
0x00007ff9c08d0000 - 0x00007ff9c09f4000 	C:\WINDOWS\System32\RPCRT4.dll
0x00007ff9c2960000 - 0x00007ff9c2af0000 	C:\WINDOWS\System32\USER32.dll
0x00007ff9bf5c0000 - 0x00007ff9bf5e0000 	C:\WINDOWS\System32\win32u.dll
0x00007ff9c21f0000 - 0x00007ff9c2218000 	C:\WINDOWS\System32\GDI32.dll
0x00007ff9bf630000 - 0x00007ff9bf7c2000 	C:\WINDOWS\System32\gdi32full.dll
0x00007ff9bf420000 - 0x00007ff9bf4bf000 	C:\WINDOWS\System32\msvcp_win.dll
0x00007ff9bf4c0000 - 0x00007ff9bf5ba000 	C:\WINDOWS\System32\ucrtbase.dll
0x00007ff9b11e0000 - 0x00007ff9b1449000 	C:\WINDOWS\WinSxS\amd64_microsoft.windows.common-controls_6595b64144ccf1df_6.0.17134.471_none_fb3e9aab3068fc16\COMCTL32.dll
0x00007ff9c0010000 - 0x00007ff9c0332000 	C:\WINDOWS\System32\combase.dll
0x00007ff9bf7d0000 - 0x00007ff9bf84a000 	C:\WINDOWS\System32\bcryptPrimitives.dll
0x00007ff9c0790000 - 0x00007ff9c07bd000 	C:\WINDOWS\System32\IMM32.DLL
0x000000006b360000 - 0x000000006b432000 	C:\Program Files\Android\Android Studio\jre\jre\bin\msvcr100.dll
0x000000006b440000 - 0x000000006bc7e000 	C:\Program Files\Android\Android Studio\jre\jre\bin\server\jvm.dll
0x00007ff9c0850000 - 0x00007ff9c0858000 	C:\WINDOWS\System32\PSAPI.DLL
0x00007ff9af640000 - 0x00007ff9af649000 	C:\WINDOWS\SYSTEM32\WSOCK32.dll
0x00007ff9c0860000 - 0x00007ff9c08cc000 	C:\WINDOWS\System32\WS2_32.dll
0x00007ff9bd120000 - 0x00007ff9bd143000 	C:\WINDOWS\SYSTEM32\WINMM.dll
0x00007ff9add90000 - 0x00007ff9add9a000 	C:\WINDOWS\SYSTEM32\VERSION.dll
0x00007ff9bd0f0000 - 0x00007ff9bd11a000 	C:\WINDOWS\SYSTEM32\WINMMBASE.dll
0x00007ff9bf5e0000 - 0x00007ff9bf629000 	C:\WINDOWS\System32\cfgmgr32.dll
0x00007ff9aec20000 - 0x00007ff9aec2f000 	C:\Program Files\Android\Android Studio\jre\jre\bin\verify.dll
0x00007ff9ad470000 - 0x00007ff9ad499000 	C:\Program Files\Android\Android Studio\jre\jre\bin\java.dll
0x00007ff9a3310000 - 0x00007ff9a3326000 	C:\Program Files\Android\Android Studio\jre\jre\bin\zip.dll
0x00007ff9c0cf0000 - 0x00007ff9c2130000 	C:\WINDOWS\System32\SHELL32.dll
0x00007ff9c2550000 - 0x00007ff9c25f9000 	C:\WINDOWS\System32\shcore.dll
0x00007ff9bf900000 - 0x00007ff9c000d000 	C:\WINDOWS\System32\windows.storage.dll
0x00007ff9c2af0000 - 0x00007ff9c2b41000 	C:\WINDOWS\System32\shlwapi.dll
0x00007ff9bef20000 - 0x00007ff9bef31000 	C:\WINDOWS\System32\kernel.appcore.dll
0x00007ff9bef00000 - 0x00007ff9bef1f000 	C:\WINDOWS\System32\profapi.dll
0x00007ff9beeb0000 - 0x00007ff9beefc000 	C:\WINDOWS\System32\powrprof.dll
0x00007ff9bef40000 - 0x00007ff9bef4a000 	C:\WINDOWS\System32\FLTLIB.DLL
0x00007ff9a30e0000 - 0x00007ff9a30fa000 	C:\Program Files\Android\Android Studio\jre\jre\bin\net.dll
0x00007ff9be710000 - 0x00007ff9be776000 	C:\WINDOWS\system32\mswsock.dll
0x00007ff9a29f0000 - 0x00007ff9a2a01000 	C:\Program Files\Android\Android Studio\jre\jre\bin\nio.dll
0x00007ff9b9230000 - 0x00007ff9b924e000 	C:\Users\Amira\.gradle\native\25\windows-amd64\native-platform.dll
0x00007ff9b2ff0000 - 0x00007ff9b2ffd000 	C:\Program Files\Android\Android Studio\jre\jre\bin\management.dll
0x00007ff9be8c0000 - 0x00007ff9be8d7000 	C:\WINDOWS\SYSTEM32\CRYPTSP.dll
0x00007ff9be2f0000 - 0x00007ff9be323000 	C:\WINDOWS\system32\rsaenh.dll
0x00007ff9be9f0000 - 0x00007ff9bea15000 	C:\WINDOWS\SYSTEM32\bcrypt.dll
0x00007ff9bedc0000 - 0x00007ff9bede8000 	C:\WINDOWS\SYSTEM32\USERENV.dll
0x00007ff9be8e0000 - 0x00007ff9be8eb000 	C:\WINDOWS\SYSTEM32\CRYPTBASE.dll
0x00007ff9be490000 - 0x00007ff9be4c8000 	C:\WINDOWS\SYSTEM32\IPHLPAPI.DLL
0x00007ff9c07c0000 - 0x00007ff9c07c8000 	C:\WINDOWS\System32\NSI.dll
0x00007ff9b8070000 - 0x00007ff9b8086000 	C:\WINDOWS\SYSTEM32\dhcpcsvc6.DLL
0x00007ff9b8050000 - 0x00007ff9b806a000 	C:\WINDOWS\SYSTEM32\dhcpcsvc.DLL
0x00007ff9abec0000 - 0x00007ff9ac089000 	C:\WINDOWS\SYSTEM32\dbghelp.dll

VM Arguments:
jvm_args: -Xmx1536m -Dfile.encoding=windows-1252 -Duser.country=US -Duser.language=en -Duser.variant 
java_command: org.gradle.launcher.daemon.bootstrap.GradleDaemon 4.4
java_class_path (initial): C:\Users\Amira\.gradle\wrapper\dists\gradle-4.4-all\9br9xq1tocpiv8o6njlyu5op1\gradle-4.4\lib\gradle-launcher-4.4.jar
Launcher Type: SUN_STANDARD

Environment Variables:
PATH=C:\Program Files\Microsoft MPI\Bin\;C:\ProgramData\Oracle\Java\javapath;C:\WINDOWS\system32;C:\WINDOWS;C:\WINDOWS\System32\Wbem;C:\WINDOWS\System32\WindowsPowerShell\v1.0\;C:\WINDOWS\System32\OpenSSH\;C:\Program Files\dotnet\;C:\Program Files\Microsoft SQL Server\130\Tools\Binn\;C:\Program Files (x86)\Microsoft SQL Server\130\Tools\Binn\;C:\Program Files (x86)\Microsoft SQL Server\130\DTS\Binn\;C:\Program Files\Microsoft SQL Server\130\DTS\Binn\;C:\Program Files\Microsoft SQL Server\Client SDK\ODBC\130\Tools\Binn\;C:\Program Files (x86)\Microsoft SQL Server\Client SDK\ODBC\130\Tools\Binn\;C:\Program Files (x86)\Microsoft SQL Server\130\Tools\Binn\ManagementStudio\;C:\Program Files\nodejs\;C:\Users\Amira\AppData\Local\Microsoft\WindowsApps;C:\Program Files\Java\jdk1.8.0_144\bin;;C:\Program Files (x86)\Microsoft VS Code\bin;C:\Users\Amira\AppData\Roaming\npm;C:\Users\Amira\AppData\Local\Programs\Fiddler
USERNAME=Amira
OS=Windows_NT
PROCESSOR_IDENTIFIER=Intel64 Family 6 Model 42 Stepping 7, GenuineIntel



---------------  S Y S T E M  ---------------

OS: Windows 10.0 , 64 bit Build 17134 (10.0.17134.1)

CPU:total 4 (initial active 4) (2 cores per cpu, 2 threads per core) family 6 model 42 stepping 7, cmov, cx8, fxsr, mmx, sse, sse2, sse3, ssse3, sse4.1, sse4.2, popcnt, avx, clmul, ht, tsc, tscinvbit

Memory: 4k page, physical 4006252k(158924k free), swap 7807340k(2167872k free)

vm_info: OpenJDK 64-Bit Server VM (25.152-b01) for windows-amd64 JRE (1.8.0_152-release-915-b01), built by "builder" with MS VC++ 10.0 (VS2010)

time: Sun Dec 16 22:06:12 2018
elapsed time: 3412 seconds (0d 0h 56m 52s)

